<?xml version="1.0" encoding="UTF-8"?>
<testng-results ignored="0" total="1" passed="1" failed="0" skipped="0">
  <reporter-output>
  </reporter-output>
  <suite started-at="2024-12-16T14:40:29 IST" name="Default suite" finished-at="2024-12-16T14:40:55 IST" duration-ms="25676">
    <groups>
    </groups>
    <test started-at="2024-12-16T14:40:29 IST" name="Default test" finished-at="2024-12-16T14:40:55 IST" duration-ms="25676">
      <class name="com.myntra.Testingone">
        <test-method signature="login()[pri:0, instance:com.myntra.Testingone@534a5a98]" started-at="2024-12-16T14:40:29 IST" name="login" finished-at="2024-12-16T14:40:55 IST" duration-ms="25600" status="PASS">
          <reporter-output>
          </reporter-output>
        </test-method> <!-- login -->
      </class> <!-- com.myntra.Testingone -->
    </test> <!-- Default test -->
  </suite> <!-- Default suite -->
</testng-results>
